This is pdfTeX, Version 3.1415926-2.5-1.40.14 (TeX Live 2013/Debian) (format=pdflatex 2015.9.6)  8 SEP 2015 10:52
entering extended mode
 restricted \write18 enabled.
 %&-line parsing enabled.
**PracticaFinal-FranciscoJavierGarridoMellado.tex
(./PracticaFinal-FranciscoJavierGarridoMellado.tex
LaTeX2e <2011/06/27>
Babel <3.9h> and hyphenation patterns for 78 languages loaded.
(./preambulo.tex
(/usr/share/texlive/texmf-dist/tex/latex/koma-script/scrartcl.cls
Document Class: scrartcl 2013/12/19 v3.12 KOMA-Script document class (article)
(/usr/share/texlive/texmf-dist/tex/latex/koma-script/scrkbase.sty
Package: scrkbase 2013/12/19 v3.12 KOMA-Script package (KOMA-Script-dependent b
asics and keyval usage)

(/usr/share/texlive/texmf-dist/tex/latex/koma-script/scrbase.sty
Package: scrbase 2013/12/19 v3.12 KOMA-Script package (KOMA-Script-independent 
basics and keyval usage)

(/usr/share/texlive/texmf-dist/tex/latex/graphics/keyval.sty
Package: keyval 1999/03/16 v1.13 key=value parser (DPC)
\KV@toks@=\toks14
)
(/usr/share/texlive/texmf-dist/tex/latex/koma-script/scrlfile.sty
Package: scrlfile 2013/12/19 v3.12 KOMA-Script package (loading files)

Package scrlfile, 2013/12/19 v3.12 KOMA-Script package (loading files)
                  Copyright (C) Markus Kohm

))) (/usr/share/texlive/texmf-dist/tex/latex/koma-script/tocbasic.sty
Package: tocbasic 2013/12/19 v3.12 KOMA-Script package (handling toc-files)
)
Package tocbasic Info: omitting babel extension for `toc'
(tocbasic)             because of feature `nobabel' available
(tocbasic)             for `toc' on input line 115.
Package tocbasic Info: omitting babel extension for `lof'
(tocbasic)             because of feature `nobabel' available
(tocbasic)             for `lof' on input line 116.
Package tocbasic Info: omitting babel extension for `lot'
(tocbasic)             because of feature `nobabel' available
(tocbasic)             for `lot' on input line 117.
Class scrartcl Info: File `scrsize11pt.clo' used to setup font sizes on input l
ine 1531.

(/usr/share/texlive/texmf-dist/tex/latex/koma-script/scrsize11pt.clo
File: scrsize11pt.clo 2013/12/19 v3.12 KOMA-Script font size class option (11pt
)
)
(/usr/share/texlive/texmf-dist/tex/latex/koma-script/typearea.sty
Package: typearea 2013/12/19 v3.12 KOMA-Script package (type area)

Package typearea, 2013/12/19 v3.12 KOMA-Script package (type area)
                  Copyright (C) Frank Neukam, 1992-1994
                  Copyright (C) Markus Kohm, 1994-

\ta@bcor=\skip41
\ta@div=\count79
\ta@hblk=\skip42
\ta@vblk=\skip43
\ta@temp=\skip44
\footheight=\skip45
Package typearea Info: These are the values describing the layout:
(typearea)             DIV  = 10
(typearea)             BCOR = 0.0pt
(typearea)             \paperwidth      = 597.50793pt
(typearea)              \textwidth      = 418.25555pt
(typearea)              DIV departure   = -6%
(typearea)              \evensidemargin = 17.3562pt
(typearea)              \oddsidemargin  = 17.3562pt
(typearea)             \paperheight     = 845.04694pt
(typearea)              \textheight     = 595.80026pt
(typearea)              \topmargin      = -25.16531pt
(typearea)              \headheight     = 17.0pt
(typearea)              \headsep        = 20.40001pt
(typearea)              \topskip        = 11.0pt
(typearea)              \footskip       = 47.6pt
(typearea)              \baselineskip   = 13.6pt
(typearea)              on input line 1330.
)
\c@part=\count80
\c@section=\count81
\c@subsection=\count82
\c@subsubsection=\count83
\c@paragraph=\count84
\c@subparagraph=\count85
\abovecaptionskip=\skip46
\belowcaptionskip=\skip47
\c@pti@nb@sid@b@x=\box26
\c@figure=\count86
\c@table=\count87
\bibindent=\dimen102
) (/usr/share/texlive/texmf-dist/tex/latex/base/fontenc.sty
Package: fontenc 2005/09/27 v1.99g Standard LaTeX package

(/usr/share/texlive/texmf-dist/tex/latex/base/t1enc.def
File: t1enc.def 2005/09/27 v1.99g Standard LaTeX file
LaTeX Font Info:    Redeclaring font encoding T1 on input line 43.
))
(/usr/share/texlive/texmf-dist/tex/latex/base/inputenc.sty
Package: inputenc 2008/03/30 v1.1d Input encoding file
\inpenc@prehook=\toks15
\inpenc@posthook=\toks16

(/usr/share/texlive/texmf-dist/tex/latex/base/utf8.def
File: utf8.def 2008/04/05 v1.1m UTF-8 support for inputenc
Now handling font encoding OML ...
... no UTF-8 mapping file for font encoding OML
Now handling font encoding T1 ...
... processing UTF-8 mapping file for font encoding T1

(/usr/share/texlive/texmf-dist/tex/latex/base/t1enc.dfu
File: t1enc.dfu 2008/04/05 v1.1m UTF-8 support for inputenc
   defining Unicode char U+00A1 (decimal 161)
   defining Unicode char U+00A3 (decimal 163)
   defining Unicode char U+00AB (decimal 171)
   defining Unicode char U+00BB (decimal 187)
   defining Unicode char U+00BF (decimal 191)
   defining Unicode char U+00C0 (decimal 192)
   defining Unicode char U+00C1 (decimal 193)
   defining Unicode char U+00C2 (decimal 194)
   defining Unicode char U+00C3 (decimal 195)
   defining Unicode char U+00C4 (decimal 196)
   defining Unicode char U+00C5 (decimal 197)
   defining Unicode char U+00C6 (decimal 198)
   defining Unicode char U+00C7 (decimal 199)
   defining Unicode char U+00C8 (decimal 200)
   defining Unicode char U+00C9 (decimal 201)
   defining Unicode char U+00CA (decimal 202)
   defining Unicode char U+00CB (decimal 203)
   defining Unicode char U+00CC (decimal 204)
   defining Unicode char U+00CD (decimal 205)
   defining Unicode char U+00CE (decimal 206)
   defining Unicode char U+00CF (decimal 207)
   defining Unicode char U+00D0 (decimal 208)
   defining Unicode char U+00D1 (decimal 209)
   defining Unicode char U+00D2 (decimal 210)
   defining Unicode char U+00D3 (decimal 211)
   defining Unicode char U+00D4 (decimal 212)
   defining Unicode char U+00D5 (decimal 213)
   defining Unicode char U+00D6 (decimal 214)
   defining Unicode char U+00D8 (decimal 216)
   defining Unicode char U+00D9 (decimal 217)
   defining Unicode char U+00DA (decimal 218)
   defining Unicode char U+00DB (decimal 219)
   defining Unicode char U+00DC (decimal 220)
   defining Unicode char U+00DD (decimal 221)
   defining Unicode char U+00DE (decimal 222)
   defining Unicode char U+00DF (decimal 223)
   defining Unicode char U+00E0 (decimal 224)
   defining Unicode char U+00E1 (decimal 225)
   defining Unicode char U+00E2 (decimal 226)
   defining Unicode char U+00E3 (decimal 227)
   defining Unicode char U+00E4 (decimal 228)
   defining Unicode char U+00E5 (decimal 229)
   defining Unicode char U+00E6 (decimal 230)
   defining Unicode char U+00E7 (decimal 231)
   defining Unicode char U+00E8 (decimal 232)
   defining Unicode char U+00E9 (decimal 233)
   defining Unicode char U+00EA (decimal 234)
   defining Unicode char U+00EB (decimal 235)
   defining Unicode char U+00EC (decimal 236)
   defining Unicode char U+00ED (decimal 237)
   defining Unicode char U+00EE (decimal 238)
   defining Unicode char U+00EF (decimal 239)
   defining Unicode char U+00F0 (decimal 240)
   defining Unicode char U+00F1 (decimal 241)
   defining Unicode char U+00F2 (decimal 242)
   defining Unicode char U+00F3 (decimal 243)
   defining Unicode char U+00F4 (decimal 244)
   defining Unicode char U+00F5 (decimal 245)
   defining Unicode char U+00F6 (decimal 246)
   defining Unicode char U+00F8 (decimal 248)
   defining Unicode char U+00F9 (decimal 249)
   defining Unicode char U+00FA (decimal 250)
   defining Unicode char U+00FB (decimal 251)
   defining Unicode char U+00FC (decimal 252)
   defining Unicode char U+00FD (decimal 253)
   defining Unicode char U+00FE (decimal 254)
   defining Unicode char U+00FF (decimal 255)
   defining Unicode char U+0102 (decimal 258)
   defining Unicode char U+0103 (decimal 259)
   defining Unicode char U+0104 (decimal 260)
   defining Unicode char U+0105 (decimal 261)
   defining Unicode char U+0106 (decimal 262)
   defining Unicode char U+0107 (decimal 263)
   defining Unicode char U+010C (decimal 268)
   defining Unicode char U+010D (decimal 269)
   defining Unicode char U+010E (decimal 270)
   defining Unicode char U+010F (decimal 271)
   defining Unicode char U+0110 (decimal 272)
   defining Unicode char U+0111 (decimal 273)
   defining Unicode char U+0118 (decimal 280)
   defining Unicode char U+0119 (decimal 281)
   defining Unicode char U+011A (decimal 282)
   defining Unicode char U+011B (decimal 283)
   defining Unicode char U+011E (decimal 286)
   defining Unicode char U+011F (decimal 287)
   defining Unicode char U+0130 (decimal 304)
   defining Unicode char U+0131 (decimal 305)
   defining Unicode char U+0132 (decimal 306)
   defining Unicode char U+0133 (decimal 307)
   defining Unicode char U+0139 (decimal 313)
   defining Unicode char U+013A (decimal 314)
   defining Unicode char U+013D (decimal 317)
   defining Unicode char U+013E (decimal 318)
   defining Unicode char U+0141 (decimal 321)
   defining Unicode char U+0142 (decimal 322)
   defining Unicode char U+0143 (decimal 323)
   defining Unicode char U+0144 (decimal 324)
   defining Unicode char U+0147 (decimal 327)
   defining Unicode char U+0148 (decimal 328)
   defining Unicode char U+014A (decimal 330)
   defining Unicode char U+014B (decimal 331)
   defining Unicode char U+0150 (decimal 336)
   defining Unicode char U+0151 (decimal 337)
   defining Unicode char U+0152 (decimal 338)
   defining Unicode char U+0153 (decimal 339)
   defining Unicode char U+0154 (decimal 340)
   defining Unicode char U+0155 (decimal 341)
   defining Unicode char U+0158 (decimal 344)
   defining Unicode char U+0159 (decimal 345)
   defining Unicode char U+015A (decimal 346)
   defining Unicode char U+015B (decimal 347)
   defining Unicode char U+015E (decimal 350)
   defining Unicode char U+015F (decimal 351)
   defining Unicode char U+0160 (decimal 352)
   defining Unicode char U+0161 (decimal 353)
   defining Unicode char U+0162 (decimal 354)
   defining Unicode char U+0163 (decimal 355)
   defining Unicode char U+0164 (decimal 356)
   defining Unicode char U+0165 (decimal 357)
   defining Unicode char U+016E (decimal 366)
   defining Unicode char U+016F (decimal 367)
   defining Unicode char U+0170 (decimal 368)
   defining Unicode char U+0171 (decimal 369)
   defining Unicode char U+0178 (decimal 376)
   defining Unicode char U+0179 (decimal 377)
   defining Unicode char U+017A (decimal 378)
   defining Unicode char U+017B (decimal 379)
   defining Unicode char U+017C (decimal 380)
   defining Unicode char U+017D (decimal 381)
   defining Unicode char U+017E (decimal 382)
   defining Unicode char U+200C (decimal 8204)
   defining Unicode char U+2013 (decimal 8211)
   defining Unicode char U+2014 (decimal 8212)
   defining Unicode char U+2018 (decimal 8216)
   defining Unicode char U+2019 (decimal 8217)
   defining Unicode char U+201A (decimal 8218)
   defining Unicode char U+201C (decimal 8220)
   defining Unicode char U+201D (decimal 8221)
   defining Unicode char U+201E (decimal 8222)
   defining Unicode char U+2030 (decimal 8240)
   defining Unicode char U+2031 (decimal 8241)
   defining Unicode char U+2039 (decimal 8249)
   defining Unicode char U+203A (decimal 8250)
   defining Unicode char U+2423 (decimal 9251)
)
Now handling font encoding OT1 ...
... processing UTF-8 mapping file for font encoding OT1

(/usr/share/texlive/texmf-dist/tex/latex/base/ot1enc.dfu
File: ot1enc.dfu 2008/04/05 v1.1m UTF-8 support for inputenc
   defining Unicode char U+00A1 (decimal 161)
   defining Unicode char U+00A3 (decimal 163)
   defining Unicode char U+00B8 (decimal 184)
   defining Unicode char U+00BF (decimal 191)
   defining Unicode char U+00C5 (decimal 197)
   defining Unicode char U+00C6 (decimal 198)
   defining Unicode char U+00D8 (decimal 216)
   defining Unicode char U+00DF (decimal 223)
   defining Unicode char U+00E6 (decimal 230)
   defining Unicode char U+00EC (decimal 236)
   defining Unicode char U+00ED (decimal 237)
   defining Unicode char U+00EE (decimal 238)
   defining Unicode char U+00EF (decimal 239)
   defining Unicode char U+00F8 (decimal 248)
   defining Unicode char U+0131 (decimal 305)
   defining Unicode char U+0141 (decimal 321)
   defining Unicode char U+0142 (decimal 322)
   defining Unicode char U+0152 (decimal 338)
   defining Unicode char U+0153 (decimal 339)
   defining Unicode char U+2013 (decimal 8211)
   defining Unicode char U+2014 (decimal 8212)
   defining Unicode char U+2018 (decimal 8216)
   defining Unicode char U+2019 (decimal 8217)
   defining Unicode char U+201C (decimal 8220)
   defining Unicode char U+201D (decimal 8221)
)
Now handling font encoding OMS ...
... processing UTF-8 mapping file for font encoding OMS

(/usr/share/texlive/texmf-dist/tex/latex/base/omsenc.dfu
File: omsenc.dfu 2008/04/05 v1.1m UTF-8 support for inputenc
   defining Unicode char U+00A7 (decimal 167)
   defining Unicode char U+00B6 (decimal 182)
   defining Unicode char U+00B7 (decimal 183)
   defining Unicode char U+2020 (decimal 8224)
   defining Unicode char U+2021 (decimal 8225)
   defining Unicode char U+2022 (decimal 8226)
)
Now handling font encoding OMX ...
... no UTF-8 mapping file for font encoding OMX
Now handling font encoding U ...
... no UTF-8 mapping file for font encoding U
   defining Unicode char U+00A9 (decimal 169)
   defining Unicode char U+00AA (decimal 170)
   defining Unicode char U+00AE (decimal 174)
   defining Unicode char U+00BA (decimal 186)
   defining Unicode char U+02C6 (decimal 710)
   defining Unicode char U+02DC (decimal 732)
   defining Unicode char U+200C (decimal 8204)
   defining Unicode char U+2026 (decimal 8230)
   defining Unicode char U+2122 (decimal 8482)
   defining Unicode char U+2423 (decimal 9251)
))
(/usr/share/texlive/texmf-dist/tex/latex/url/url.sty
\Urlmuskip=\muskip10
Package: url 2013/09/16  ver 3.4  Verb mode for urls, etc.
)
(/usr/share/texlive/texmf-dist/tex/generic/babel/babel.sty
Package: babel 2013/12/03 3.9h The Babel package

(/usr/share/texlive/texmf-dist/tex/generic/babel-spanish/spanish.ldf
Language: spanish.ldf 2014/01/29 v5.0m Spanish support from the babel system

(/usr/share/texlive/texmf-dist/tex/generic/babel/babel.def
File: babel.def 2013/12/03 3.9h Babel common definitions
\babel@savecnt=\count88
\U@D=\dimen103
)
\es@datefmt=\count89
\es@quottoks=\toks17
\es@quotdepth=\count90
Package babel Info: Making " an active character on input line 496.
Package babel Info: Making . an active character on input line 599.
Package babel Info: Making < an active character on input line 644.
Package babel Info: Making > an active character on input line 644.
))
(/usr/share/texlive/texmf-dist/tex/latex/amsmath/amsmath.sty
Package: amsmath 2013/01/14 v2.14 AMS math features
\@mathmargin=\skip48

For additional information on amsmath, use the `?' option.
(/usr/share/texlive/texmf-dist/tex/latex/amsmath/amstext.sty
Package: amstext 2000/06/29 v2.01

(/usr/share/texlive/texmf-dist/tex/latex/amsmath/amsgen.sty
File: amsgen.sty 1999/11/30 v2.0
\@emptytoks=\toks18
\ex@=\dimen104
))
(/usr/share/texlive/texmf-dist/tex/latex/amsmath/amsbsy.sty
Package: amsbsy 1999/11/29 v1.2d
\pmbraise@=\dimen105
)
(/usr/share/texlive/texmf-dist/tex/latex/amsmath/amsopn.sty
Package: amsopn 1999/12/14 v2.01 operator names
)
\inf@bad=\count91
LaTeX Info: Redefining \frac on input line 210.
\uproot@=\count92
\leftroot@=\count93
LaTeX Info: Redefining \overline on input line 306.
\classnum@=\count94
\DOTSCASE@=\count95
LaTeX Info: Redefining \ldots on input line 378.
LaTeX Info: Redefining \dots on input line 381.
LaTeX Info: Redefining \cdots on input line 466.
\Mathstrutbox@=\box27
\strutbox@=\box28
\big@size=\dimen106
LaTeX Font Info:    Redeclaring font encoding OML on input line 566.
LaTeX Font Info:    Redeclaring font encoding OMS on input line 567.
\macc@depth=\count96
\c@MaxMatrixCols=\count97
\dotsspace@=\muskip11
\c@parentequation=\count98
\dspbrk@lvl=\count99
\tag@help=\toks19
\row@=\count100
\column@=\count101
\maxfields@=\count102
\andhelp@=\toks20
\eqnshift@=\dimen107
\alignsep@=\dimen108
\tagshift@=\dimen109
\tagwidth@=\dimen110
\totwidth@=\dimen111
\lineht@=\dimen112
\@envbody=\toks21
\multlinegap=\skip49
\multlinetaggap=\skip50
\mathdisplay@stack=\toks22
LaTeX Info: Redefining \[ on input line 2665.
LaTeX Info: Redefining \] on input line 2666.
)
(/usr/share/texlive/texmf-dist/tex/latex/amsfonts/amsfonts.sty
Package: amsfonts 2013/01/14 v3.01 Basic AMSFonts support
\symAMSa=\mathgroup4
\symAMSb=\mathgroup5
LaTeX Font Info:    Overwriting math alphabet `\mathfrak' in version `bold'
(Font)                  U/euf/m/n --> U/euf/b/n on input line 106.
)
(/usr/share/texlive/texmf-dist/tex/latex/amscls/amsthm.sty
Package: amsthm 2004/08/06 v2.20
\thm@style=\toks23
\thm@bodyfont=\toks24
\thm@headfont=\toks25
\thm@notefont=\toks26
\thm@headpunct=\toks27
\thm@preskip=\skip51
\thm@postskip=\skip52
\thm@headsep=\skip53
\dth@everypar=\toks28
)
(/usr/share/texlive/texmf-dist/tex/latex/graphics/graphics.sty
Package: graphics 2009/02/05 v1.0o Standard LaTeX Graphics (DPC,SPQR)

(/usr/share/texlive/texmf-dist/tex/latex/graphics/trig.sty
Package: trig 1999/03/16 v1.09 sin cos tan (DPC)
)
(/usr/share/texlive/texmf-dist/tex/latex/latexconfig/graphics.cfg
File: graphics.cfg 2010/04/23 v1.9 graphics configuration of TeX Live
)
Package graphics Info: Driver file: pdftex.def on input line 91.

(/usr/share/texlive/texmf-dist/tex/latex/pdftex-def/pdftex.def
File: pdftex.def 2011/05/27 v0.06d Graphics/color for pdfTeX

(/usr/share/texlive/texmf-dist/tex/generic/oberdiek/infwarerr.sty
Package: infwarerr 2010/04/08 v1.3 Providing info/warning/error messages (HO)
)
(/usr/share/texlive/texmf-dist/tex/generic/oberdiek/ltxcmds.sty
Package: ltxcmds 2011/11/09 v1.22 LaTeX kernel commands for general use (HO)
)
\Gread@gobject=\count103
))
(/usr/share/texlive/texmf-dist/tex/latex/graphics/graphicx.sty
Package: graphicx 1999/02/16 v1.0f Enhanced LaTeX Graphics (DPC,SPQR)
\Gin@req@height=\dimen113
\Gin@req@width=\dimen114
)
(/usr/share/texlive/texmf-dist/tex/latex/floatrow/floatrow.sty
Package: floatrow 2008/08/02 v0.3b floatrow: float package extension

(/usr/share/texlive/texmf-dist/tex/latex/caption/caption3.sty
Package: caption3 2013/05/02 v1.6-88 caption3 kernel (AR)
Package caption3 Info: TeX engine: e-TeX on input line 57.
\captionmargin=\dimen115
\captionmargin@=\dimen116
\captionwidth=\dimen117
\caption@tempdima=\dimen118
\caption@indent=\dimen119
\caption@parindent=\dimen120
\caption@hangindent=\dimen121
)
\c@float@type=\count104
\float@exts=\toks29
\float@box=\box29
\@floatcapt=\box30
Package floatrow Info: Modified float package code loaded on input line 455.
Package floatrow Info: Modified rotfloat package code loaded on input line 473.

\FR@everyfloat=\toks30
\flrow@foot=\insert233
\FB@wd=\dimen122
\FBo@wd=\dimen123
\FBc@wd=\dimen124
\FBo@ht=\skip54
\FBc@ht=\skip55
\FBf@ht=\skip56
\FBo@max=\skip57
\FBc@max=\skip58
\FBf@max=\skip59
\c@FBl@b=\count105
\floatbox@depth=\count106
\c@FRobj=\count107
\c@FRsobj=\count108
\Xhsize=\skip60
\sXhsize=\skip61
\Zhsize=\skip62
\sZhsize=\skip63
\flrow@rowbox=\box31
\FR@Zunitlength=\dimen125
\c@FBcnt=\count109
\FPOScnt=\count110
\LTleft=\skip64
\LTright=\skip65
\LTleft=\skip66
\LTright=\skip67
\flrow@types=\toks31
)
(/usr/share/texlive/texmf-dist/tex/latex/listings/listings.sty
\lst@mode=\count111
\lst@gtempboxa=\box32
\lst@token=\toks32
\lst@length=\count112
\lst@currlwidth=\dimen126
\lst@column=\count113
\lst@pos=\count114
\lst@lostspace=\dimen127
\lst@width=\dimen128
\lst@newlines=\count115
\lst@lineno=\count116
\lst@maxwidth=\dimen129

(/usr/share/texlive/texmf-dist/tex/latex/listings/lstmisc.sty
File: lstmisc.sty 2013/08/26 1.5b (Carsten Heinz)
\c@lstnumber=\count117
\lst@skipnumbers=\count118
\lst@framebox=\box33
)
(/usr/share/texlive/texmf-dist/tex/latex/listings/listings.cfg
File: listings.cfg 2013/08/26 1.5b listings configuration
))
Package: listings 2013/08/26 1.5b (Carsten Heinz)

(/usr/share/texlive/texmf-dist/tex/latex/multirow/multirow.sty
\bigstrutjot=\dimen130
)
(/usr/share/texlive/texmf-dist/tex/latex/threeparttable/threeparttable.sty
Package: threeparttable 2003/06/13  v 3.0
\@tempboxb=\box34
)

Class scrartcl Warning: Usage of package `fancyhdr' together
(scrartcl)              with a KOMA-Script class is not recommended.
(scrartcl)              I'd suggest to use 
(scrartcl)              package `scrpage2' or `scrlayer-scrpage'.
(scrartcl)              Nevertheless, using requested
(scrartcl)              package `fancyhdr' on input line 42.

(/usr/share/texlive/texmf-dist/tex/latex/fancyhdr/fancyhdr.sty
\fancy@headwidth=\skip68
\f@ncyO@elh=\skip69
\f@ncyO@erh=\skip70
\f@ncyO@olh=\skip71
\f@ncyO@orh=\skip72
\f@ncyO@elf=\skip73
\f@ncyO@erf=\skip74
\f@ncyO@olf=\skip75
\f@ncyO@orf=\skip76
))
(./PracticaFinal-FranciscoJavierGarridoMellado.aux
LaTeX Info: Redefining \. on input line 6.
LaTeX Info: Redefining \% on input line 6.


LaTeX Warning: Label `VentanaInternaReproductor' multiply defined.

)
\openout1 = `PracticaFinal-FranciscoJavierGarridoMellado.aux'.

LaTeX Font Info:    Checking defaults for OML/cmm/m/it on input line 23.
LaTeX Font Info:    ... okay on input line 23.
LaTeX Font Info:    Checking defaults for T1/cmr/m/n on input line 23.
LaTeX Font Info:    ... okay on input line 23.
LaTeX Font Info:    Checking defaults for OT1/cmr/m/n on input line 23.
LaTeX Font Info:    ... okay on input line 23.
LaTeX Font Info:    Checking defaults for OMS/cmsy/m/n on input line 23.
LaTeX Font Info:    ... okay on input line 23.
LaTeX Font Info:    Checking defaults for OMX/cmex/m/n on input line 23.
LaTeX Font Info:    ... okay on input line 23.
LaTeX Font Info:    Checking defaults for U/cmr/m/n on input line 23.
LaTeX Font Info:    ... okay on input line 23.
LaTeX Info: Redefining \. on input line 23.
LaTeX Info: Redefining \% on input line 23.
 (/usr/share/texlive/texmf-dist/tex/context/base/supp-pdf.mkii
[Loading MPS to PDF converter (version 2006.09.02).]
\scratchcounter=\count119
\scratchdimen=\dimen131
\scratchbox=\box35
\nofMPsegments=\count120
\nofMParguments=\count121
\everyMPshowfont=\toks33
\MPscratchCnt=\count122
\MPscratchDim=\dimen132
\MPnumerator=\count123
\makeMPintoPDFobject=\count124
\everyMPtoPDFconversion=\toks34
) (/usr/share/texlive/texmf-dist/tex/generic/oberdiek/pdftexcmds.sty
Package: pdftexcmds 2011/11/29 v0.20 Utility functions of pdfTeX for LuaTeX (HO
)

(/usr/share/texlive/texmf-dist/tex/generic/oberdiek/ifluatex.sty
Package: ifluatex 2010/03/01 v1.3 Provides the ifluatex switch (HO)
Package ifluatex Info: LuaTeX not detected.
)
(/usr/share/texlive/texmf-dist/tex/generic/oberdiek/ifpdf.sty
Package: ifpdf 2011/01/30 v2.3 Provides the ifpdf switch (HO)
Package ifpdf Info: pdfTeX in PDF mode is detected.
)
Package pdftexcmds Info: LuaTeX not detected.
Package pdftexcmds Info: \pdf@primitive is available.
Package pdftexcmds Info: \pdf@ifprimitive is available.
Package pdftexcmds Info: \pdfdraftmode found.
)
(/usr/share/texlive/texmf-dist/tex/latex/oberdiek/epstopdf-base.sty
Package: epstopdf-base 2010/02/09 v2.5 Base part for package epstopdf

(/usr/share/texlive/texmf-dist/tex/latex/oberdiek/grfext.sty
Package: grfext 2010/08/19 v1.1 Manage graphics extensions (HO)

(/usr/share/texlive/texmf-dist/tex/generic/oberdiek/kvdefinekeys.sty
Package: kvdefinekeys 2011/04/07 v1.3 Define keys (HO)
))
(/usr/share/texlive/texmf-dist/tex/latex/oberdiek/kvoptions.sty
Package: kvoptions 2011/06/30 v3.11 Key value format for package options (HO)

(/usr/share/texlive/texmf-dist/tex/generic/oberdiek/kvsetkeys.sty
Package: kvsetkeys 2012/04/25 v1.16 Key value parser (HO)

(/usr/share/texlive/texmf-dist/tex/generic/oberdiek/etexcmds.sty
Package: etexcmds 2011/02/16 v1.5 Avoid name clashes with e-TeX commands (HO)
Package etexcmds Info: Could not find \expanded.
(etexcmds)             That can mean that you are not using pdfTeX 1.50 or
(etexcmds)             that some package has redefined \expanded.
(etexcmds)             In the latter case, load this package earlier.
)))
Package grfext Info: Graphics extension search list:
(grfext)             [.png,.pdf,.jpg,.mps,.jpeg,.jbig2,.jb2,.PNG,.PDF,.JPG,.JPE
G,.JBIG2,.JB2,.eps]
(grfext)             \AppendGraphicsExtensions on input line 452.

(/usr/share/texlive/texmf-dist/tex/latex/latexconfig/epstopdf-sys.cfg
File: epstopdf-sys.cfg 2010/07/13 v1.3 Configuration of (r)epstopdf for TeX Liv
e
))
Package caption Info: Begin \AtBeginDocument code.
Package caption Info: End \AtBeginDocument code.

(/usr/share/texlive/texmf-dist/tex/latex/graphics/color.sty
Package: color 2005/11/14 v1.0j Standard LaTeX Color (DPC)

(/usr/share/texlive/texmf-dist/tex/latex/latexconfig/color.cfg
File: color.cfg 2007/01/18 v1.5 color configuration of teTeX/TeXLive
)
Package color Info: Driver file: pdftex.def on input line 130.
)
\c@lstlisting=\count125
LaTeX Font Info:    Try loading font information for T1+cmss on input line 26.

(/usr/share/texlive/texmf-dist/tex/latex/base/t1cmss.fd
File: t1cmss.fd 1999/05/25 v2.5h Standard LaTeX font definitions
)

Class scrartcl Warning: Usage of deprecated font command `\bf'!
(scrartcl)              You should note, that in 1994 font command `\bf' has
(scrartcl)              been defined for compatiblitiy to Script 2.0 only.
(scrartcl)              Now, after two decades of LaTeX2e and NFSS2, you
(scrartcl)              shouldn't use such commands any longer and within
(scrartcl)              KOMA-Script usage of `\bf' is definitely deprecated.
(scrartcl)              See `fntguide.pdf' for more information about
(scrartcl)              recommended font commands.
(scrartcl)              Note also, that KOMA-Script will remove the definition
(scrartcl)              of `\bf' anytime until release of about version 3.20.
(scrartcl)              But for now, KOMA-Script will replace deprecated `\bf'
(scrartcl)              by `\normalfont \bfseries ' on input line 26.

LaTeX Font Info:    Try loading font information for U+msa on input line 26.
(/usr/share/texlive/texmf-dist/tex/latex/amsfonts/umsa.fd
File: umsa.fd 2013/01/14 v3.01 AMS symbols A
)
LaTeX Font Info:    Try loading font information for U+msb on input line 26.

(/usr/share/texlive/texmf-dist/tex/latex/amsfonts/umsb.fd
File: umsb.fd 2013/01/14 v3.01 AMS symbols B
) [1




{/var/lib/texmf/fonts/map/pdftex/updmap/pdftex.map}]
(./PracticaFinal-FranciscoJavierGarridoMellado.toc
LaTeX Info: Redefining \. on input line 1.
LaTeX Info: Redefining \% on input line 1.

Overfull \hbox (9.12831pt too wide) in paragraph at lines 28--28
 [][] [][]\T1/cmss/bx/n/10.95 Clases uti-li-za-das pa-ra el di-bu-ja-do de for-
mas geo-mé-tri-cas e imá-ge-nes.(sm.fgm.iu) []  
 []

)
\tf@toc=\write3
\openout3 = `PracticaFinal-FranciscoJavierGarridoMellado.toc'.

 (./PracticaFinal-FranciscoJavierGarridoMellado.lof
LaTeX Info: Redefining \. on input line 1.
LaTeX Info: Redefining \% on input line 1.
 [2])
\tf@lof=\write4
\openout4 = `PracticaFinal-FranciscoJavierGarridoMellado.lof'.

 [3]
<images/menuarchivofinal.png, id=19, 154.5775pt x 214.8025pt>
File: images/menuarchivofinal.png Graphic file (type png)

<use images/menuarchivofinal.png>
Package pdftex.def Info: images/menuarchivofinal.png used on input line 63.
(pdftex.def)             Requested size: 108.20349pt x 150.36072pt.
 [4]
Overfull \hbox (19.6499pt too wide) in paragraph at lines 73--74
[]\T1/cmr/bx/n/10.95 Barra de atri-bu-tos \T1/cmr/m/n/10.95 - Mues-tra/o-cul-ta
 la ba-rra pa-ra es-pe-ci-fi-car co-lor, gro-sor,alisado,etc. 
 []

[5 <./images/menuarchivofinal.png>]
<images/menuimagenfinal.png, id=28, 292.09125pt x 255.95625pt>
File: images/menuimagenfinal.png Graphic file (type png)

<use images/menuimagenfinal.png>
Package pdftex.def Info: images/menuimagenfinal.png used on input line 99.
(pdftex.def)             Requested size: 204.46246pt x 179.16814pt.

<images/barraarchivo.png, id=29, 89.33376pt x 37.13875pt>
File: images/barraarchivo.png Graphic file (type png)

<use images/barraarchivo.png>
Package pdftex.def Info: images/barraarchivo.png used on input line 121.
(pdftex.def)             Requested size: 71.46709pt x 29.71103pt.
 [6 <./images/menuimagenfinal.png>]
<images/barraformas.png, id=33, 204.765pt x 34.1275pt>
File: images/barraformas.png Graphic file (type png)

<use images/barraformas.png>
Package pdftex.def Info: images/barraformas.png used on input line 143.
(pdftex.def)             Requested size: 163.8122pt x 27.30202pt.

<images/barraatributos.png, id=34, 465.74pt x 29.10875pt>
File: images/barraatributos.png Graphic file (type png)

<use images/barraatributos.png>
Package pdftex.def Info: images/barraatributos.png used on input line 164.
(pdftex.def)             Requested size: 372.5925pt x 23.28702pt.
 [7 <./images/barraarchivo.png> <./images/barraformas.png>] <images/barra_multi
media.PNG, id=39, 314.67563pt x 27.10126pt>
File: images/barra_multimedia.PNG Graphic file (type png)

<use images/barra_multimedia.PNG>
Package pdftex.def Info: images/barra_multimedia.PNG used on input line 183.
(pdftex.def)             Requested size: 251.74083pt x 21.68102pt.

<images/barraatributosimagen.png, id=41, 1168.365pt x 92.345pt>
File: images/barraatributosimagen.png Graphic file (type png)

<use images/barraatributosimagen.png>
Package pdftex.def Info: images/barraatributosimagen.png used on input line 206
.
(pdftex.def)             Requested size: 467.33772pt x 36.93733pt.

Overfull \hbox (49.08217pt too wide) in paragraph at lines 206--207
 [][] 
 []

[8 <./images/barraatributos.png> <./images/barra_multimedia.PNG>]
<images/interfaz_.PNG, id=46, 929.72343pt x 514.92375pt>
File: images/interfaz_.PNG Graphic file (type png)

<use images/interfaz_.PNG>
Package pdftex.def Info: images/interfaz_.PNG used on input line 218.
(pdftex.def)             Requested size: 418.37167pt x 231.71355pt.
 [9 <./images/barraatributosimagen.png> <./images/interfaz_.PNG>]
<images/interfaz_con_ventanas.PNG, id=51, 894.34125pt x 520.94624pt>
File: images/interfaz_con_ventanas.PNG Graphic file (type png)

<use images/interfaz_con_ventanas.PNG>
Package pdftex.def Info: images/interfaz_con_ventanas.PNG used on input line 23
4.
(pdftex.def)             Requested size: 357.73016pt x 208.3748pt.

<images/menuarchivo.png, id=52, 1028.34187pt x 578.16pt>
File: images/menuarchivo.png Graphic file (type png)

<use images/menuarchivo.png>
Package pdftex.def Info: images/menuarchivo.png used on input line 249.
(pdftex.def)             Requested size: 411.32947pt x 231.2599pt.

<images/menuimagen.png, id=53, 1028.34187pt x 578.16pt>
File: images/menuimagen.png Graphic file (type png)

<use images/menuimagen.png>
Package pdftex.def Info: images/menuimagen.png used on input line 255.
(pdftex.def)             Requested size: 411.32947pt x 231.2599pt.
 [10 <./images/interfaz_con_ventanas.PNG>]
<images/Ventanas.png, id=58, 2808.4925pt x 4381.36874pt>
File: images/Ventanas.png Graphic file (type png)

<use images/Ventanas.png>
Package pdftex.def Info: images/Ventanas.png used on input line 263.
(pdftex.def)             Requested size: 280.8657pt x 438.16255pt.
 [11 <./images/menuarchivo.png> <./images/menuimagen.png>]
Overfull \hbox (11.71468pt too wide) in paragraph at lines 274--275
[]\T1/cmr/bx/n/10.95 private void tin-tO-pAc-tion-Per-for-med(java.awt.event.Ac
tionEvent evt)\T1/cmr/m/n/10.95 - Rea-
 []

[12 <./images/Ventanas.png (PNG copy)>]
Overfull \hbox (3.2462pt too wide) in paragraph at lines 275--276
[]\T1/cmr/bx/n/10.95 private void con-ver-sion-Gri-sAc-tion-Per-for-med(java.aw
t.event.ActionEvent
 []


Overfull \hbox (39.28874pt too wide) in paragraph at lines 276--277
[]\T1/cmr/bx/n/10.95 private void abrir-Ven-ta-na-Cap-tu-raAc-tion-Per-for-med(
java.awt.event.ActionEvent
 []


Overfull \hbox (9.03883pt too wide) in paragraph at lines 277--278
[]\T1/cmr/bx/n/10.95 private void raiz-ne-si-maAc-tion-Per-for-med(java.awt.eve
nt.ActionEvent evt)\T1/cmr/m/n/10.95 -
 []


Overfull \hbox (65.17099pt too wide) in paragraph at lines 281--282
[][][][][][][][][][][][][][][][][][][][] 
 []


Overfull \hbox (12.90866pt too wide) in paragraph at lines 289--290
[][][][][][][][][][][][][] 
 []


Overfull \hbox (12.90866pt too wide) in paragraph at lines 296--297
[][][][][][][][][][][][][][][][][][][] 
 []


Overfull \hbox (32.50703pt too wide) in paragraph at lines 297--299
[][][][][][][][][][][][][][][] 
 []


Overfull \hbox (58.6382pt too wide) in paragraph at lines 299--300
[][][][][][][][][][][][][][][][][][][][] 
 []


Overfull \hbox (71.70378pt too wide) in paragraph at lines 300--301
[][][][][][][][][][][][][][][][][][][] 
 []


Overfull \hbox (25.97424pt too wide) in paragraph at lines 302--303
[][][][][][][][][][][][][][][] 
 []


Overfull \hbox (71.70378pt too wide) in paragraph at lines 307--308
[][][][][][][][][][][][][][][][][][][][][] 
 []


Overfull \hbox (78.23657pt too wide) in paragraph at lines 310--312
[][][][][][][][][][][][] 
 []

[13]
Overfull \hbox (19.44145pt too wide) in paragraph at lines 332--333
[][][][][][][][][][][][][][][] 
 []


Overfull \hbox (12.90866pt too wide) in paragraph at lines 338--339
[][][][][][][][][][][][][][][][][][][] 
 []


Overfull \hbox (6.37587pt too wide) in paragraph at lines 348--349
[][][][][][][][][][][][][][][][][] 
 []

[14]
Overfull \hbox (25.97424pt too wide) in paragraph at lines 357--358
[][][][][][][][][][][][][][][][][][][][] 
 []


Overfull \hbox (32.50703pt too wide) in paragraph at lines 380--381
[][][][][][][][][][][][][][][] 
 []

[15]
Overfull \hbox (52.10541pt too wide) in paragraph at lines 437--438
[][][][][][][][][][][][][][][][][][][][] 
 []

[16]
Overfull \hbox (32.50703pt too wide) in paragraph at lines 450--452
[][][][][][][][][][][][][][][][][][] 
 []

<images/ventanaInterna.png, id=78, 696.6025pt x 252.945pt>
File: images/ventanaInterna.png Graphic file (type png)

<use images/ventanaInterna.png>
Package pdftex.def Info: images/ventanaInterna.png used on input line 474.
(pdftex.def)             Requested size: 417.96472pt x 151.76816pt.
 [17 <./images/ventanaInterna.png>]
<images/ventanainterna.PNG, id=83, 551.81157pt x 331.99031pt>
File: images/ventanainterna.PNG Graphic file (type png)

<use images/ventanainterna.PNG>
Package pdftex.def Info: images/ventanainterna.PNG used on input line 490.
(pdftex.def)             Requested size: 220.72072pt x 132.79376pt.

<images/ventanainternagrabador.png, id=84, 134.5025pt x 82.3075pt>
File: images/ventanainternagrabador.png Graphic file (type png)

<use images/ventanainternagrabador.png>
Package pdftex.def Info: images/ventanainternagrabador.png used on input line 4
99.
(pdftex.def)             Requested size: 80.7021pt x 49.38486pt.

<images/ventanaInternaGrabador.png, id=85, 452.69125pt x 262.9825pt>
File: images/ventanaInternaGrabador.png Graphic file (type png)

<use images/ventanaInternaGrabador.png>
Package pdftex.def Info: images/ventanaInternaGrabador.png used on input line 5
06.
(pdftex.def)             Requested size: 271.61684pt x 157.7907pt.
 [18 <./images/ventanainterna.PNG> <./images/ventanainternagrabador.png>]
<images/ventanainternareproductor.png, id=90, 146.5475pt x 84.315pt>
File: images/ventanainternareproductor.png Graphic file (type png)

<use images/ventanainternareproductor.png>
Package pdftex.def Info: images/ventanainternareproductor.png used on input lin
e 537.
(pdftex.def)             Requested size: 87.92915pt x 50.58937pt.
 [19 <./images/ventanaInternaGrabador.png>]
<images/ventanaInternaReproductor.png, id=95, 687.56876pt x 272.01625pt>
File: images/ventanaInternaReproductor.png Graphic file (type png)

<use images/ventanaInternaReproductor.png>
Package pdftex.def Info: images/ventanaInternaReproductor.png used on input lin
e 544.
(pdftex.def)             Requested size: 412.54443pt x 163.211pt.

<images/ventanaInternaReproductorUML.png, id=96, 678.535pt x 356.33125pt>
File: images/ventanaInternaReproductorUML.png Graphic file (type png)

<use images/ventanaInternaReproductorUML.png>
Package pdftex.def Info: images/ventanaInternaReproductorUML.png used on input 
line 555.
(pdftex.def)             Requested size: 339.26666pt x 178.16518pt.
 [20 <./images/ventanainternareproductor.png> <./images/ventanaInternaReproduct
or.png> <./images/ventanaInternaReproductorUML.png>]
LaTeX Font Info:    Try loading font information for OMS+cmr on input line 566.

 (/usr/share/texlive/texmf-dist/tex/latex/base/omscmr.fd
File: omscmr.fd 1999/05/25 v2.5h Standard LaTeX font definitions
)
LaTeX Font Info:    Font shape `OMS/cmr/m/n' in size <10.95> not available
(Font)              Font shape `OMS/cmsy/m/n' tried instead on input line 566.

Overfull \hbox (65.17099pt too wide) in paragraph at lines 591--592
[][][][][][][][][][][][][][][][][][][][][][][][][][][][][][][][] 
 []

[21]
Overfull \hbox (78.23657pt too wide) in paragraph at lines 612--613
[][][][][][][][][][][][][][][][][][][][] 
 []


Overfull \hbox (52.10541pt too wide) in paragraph at lines 632--633
[][][][][][][][][][][][][][][][][][][][][] 
 []

<images/VentanaInternaReproductorHebra.PNG, id=103, 295.1025pt x 141.52875pt>
File: images/VentanaInternaReproductorHebra.PNG Graphic file (type png)

<use images/VentanaInternaReproductorHebra.PNG>
Package pdftex.def Info: images/VentanaInternaReproductorHebra.PNG used on inpu
t line 655.
(pdftex.def)             Requested size: 177.06285pt x 84.9179pt.
 [22]
<images/ventanainternajmfp.png, id=107, 284.06125pt x 207.77625pt>
File: images/ventanainternajmfp.png Graphic file (type png)

<use images/ventanainternajmfp.png>
Package pdftex.def Info: images/ventanainternajmfp.png used on input line 666.
(pdftex.def)             Requested size: 170.43805pt x 124.6667pt.

<images/ventanaInternaJMFPlayer.png, id=108, 726.715pt x 297.11pt>
File: images/ventanaInternaJMFPlayer.png Graphic file (type png)

<use images/ventanaInternaJMFPlayer.png>
Package pdftex.def Info: images/ventanaInternaJMFPlayer.png used on input line 
673.
(pdftex.def)             Requested size: 436.03235pt x 178.26736pt.

Overfull \hbox (17.7768pt too wide) in paragraph at lines 673--674
 [][] 
 []

[23 <./images/VentanaInternaReproductorHebra.PNG> <./images/ventanainternajmfp.
png>]
Overfull \hbox (6.37587pt too wide) in paragraph at lines 681--682
[][][][][][][][][][][][][][][][][][] 
 []

<images/ventanaInternaCamara.png, id=113, 682.55pt x 220.825pt>
File: images/ventanaInternaCamara.png Graphic file (type png)

<use images/ventanaInternaCamara.png>
Package pdftex.def Info: images/ventanaInternaCamara.png used on input line 697
.
(pdftex.def)             Requested size: 409.53316pt x 132.496pt.
 [24 <./images/ventanaInternaJMFPlayer.png>]
Overfull \hbox (6.37587pt too wide) in paragraph at lines 708--709
[][][][][][][][][][][][][][][][][][][][] 
 []


Overfull \hbox (12.90866pt too wide) in paragraph at lines 722--723
[][][][][][][][][][][][][][][] 
 []

[25 <./images/ventanaInternaCamara.png>]
<images/smfgmgraficos2.png, id=121, 921.4425pt x 600.2425pt>
File: images/smfgmgraficos2.png Graphic file (type png)

<use images/smfgmgraficos2.png>
Package pdftex.def Info: images/smfgmgraficos2.png used on input line 749.
(pdftex.def)             Requested size: 469.92946pt x 306.11961pt.

Overfull \hbox (51.6739pt too wide) in paragraph at lines 749--750
 [][] 
 []

[26]
Overfull \hbox (78.23657pt too wide) in paragraph at lines 761--762
[][][][][][][][][][][][][][][][][] 
 []


Overfull \hbox (19.44145pt too wide) in paragraph at lines 762--763
[][][][][][][][][][][][][][][] 
 []


Overfull \hbox (45.57262pt too wide) in paragraph at lines 764--765
[][][][][][][][][][][] 
 []


Overfull \hbox (52.10541pt too wide) in paragraph at lines 766--767
[][][][][][][][][][][] 
 []

[27 <./images/smfgmgraficos2.png>] [28]
<images/figura2.png, id=131, 242.9075pt x 568.1225pt>
File: images/figura2.png Graphic file (type png)
 <use images/figura2.png>
Package pdftex.def Info: images/figura2.png used on input line 820.
(pdftex.def)             Requested size: 182.18016pt x 426.09082pt.

[29 <./images/figura2.png>]
Overfull \hbox (39.03983pt too wide) in paragraph at lines 833--834
[][][][][][][][][][][][][][][][][] 
 []


Overfull \hbox (52.10541pt too wide) in paragraph at lines 834--835
[][][][][][][][][][][][][][][][] 
 []


Overfull \hbox (32.50703pt too wide) in paragraph at lines 838--840
[][][][][][][][][][][][][][][][][][][][][][][] 
 []


Overfull \hbox (52.10541pt too wide) in paragraph at lines 850--851
[][][][][][][][][][][][][][][][][][][][][][][] 
 []

<images/milinea2.png, id=135, 386.44376pt x 419.5675pt>
File: images/milinea2.png Graphic file (type png)

<use images/milinea2.png>
Package pdftex.def Info: images/milinea2.png used on input line 858.
(pdftex.def)             Requested size: 212.54472pt x 230.76283pt.
 [30] [31 <./images/milinea2.png>]
Overfull \hbox (65.17099pt too wide) in paragraph at lines 894--895
[][][][][][][][][][][][][][][][][][][][][][][][][][][][][][] 
 []


Overfull \hbox (12.90866pt too wide) in paragraph at lines 895--896
[][][][][][][][][][][][][][][][][][][][][][][] 
 []


Overfull \hbox (52.10541pt too wide) in paragraph at lines 904--905
[][][][][][][][][][][][][][][][][][][][][][][][][][][][][][] 
 []


Overfull \hbox (45.57262pt too wide) in paragraph at lines 919--920
[][][][][][][][][][][][][][][][][][][][] 
 []

<images/mirectangulo2.png, id=143, 401.5pt x 502.87875pt>
File: images/mirectangulo2.png Graphic file (type png)

<use images/mirectangulo2.png>
Package pdftex.def Info: images/mirectangulo2.png used on input line 927.
(pdftex.def)             Requested size: 220.82567pt x 276.58417pt.
 [32]
Overfull \hbox (3.41248pt too wide) in paragraph at lines 932--933
\T1/cmr/bx/n/10.95 Rec-tan-gu-lo \T1/cmr/m/n/10.95 y \T1/cmr/bx/n/10.95 MiE-lip
-se\T1/cmr/m/n/10.95 .Nuevamente me apo-yo en otra cla-se pa-ra su implementaci
on[[]]. 
 []


Overfull \hbox (19.44145pt too wide) in paragraph at lines 940--942
[][][][][][][][][][][][][][][] 
 []


Overfull \hbox (32.50703pt too wide) in paragraph at lines 944--945
[][][][][][][][][][][][][][][][][][][][][][][][][] 
 []


Overfull \hbox (12.90866pt too wide) in paragraph at lines 947--948
[][][][][][][][][][][][][][][][][][][][][][][][][] 
 []

[33 <./images/mirectangulo2.png>]
<images/mirectanguloredondeado2.png, id=150, 384.43625pt x 440.64626pt>
File: images/mirectanguloredondeado2.png Graphic file (type png)

<use images/mirectanguloredondeado2.png>
Package pdftex.def Info: images/mirectanguloredondeado2.png used on input line 
967.
(pdftex.def)             Requested size: 211.44058pt x 242.35619pt.
 [34 <./images/mirectanguloredondeado2.png>]
Overfull \hbox (45.57262pt too wide) in paragraph at lines 985--986
[][][][][][][][][][][][][][][][][][][][][][][][][] 
 []


Overfull \hbox (19.44145pt too wide) in paragraph at lines 989--990
[][][][][][][][][][][][][][][][][][][][][][][][][] 
 []

<images/mielipse2.png, id=154, 386.44376pt x 434.62375pt>
File: images/mielipse2.png Graphic file (type png)

<use images/mielipse2.png>
Package pdftex.def Info: images/mielipse2.png used on input line 1011.
(pdftex.def)             Requested size: 212.54472pt x 239.0438pt.
 [35]
Overfull \hbox (65.17099pt too wide) in paragraph at lines 1019--1020
[][][][][][][][][][][][][][][][][][][][][][][][][][][] 
 []


Overfull \hbox (65.17099pt too wide) in paragraph at lines 1024--1025
[][][][][][][][][][][][][][][][][][][][][][][][][][][] 
 []


Overfull \hbox (65.17099pt too wide) in paragraph at lines 1029--1030
[][][][][][][][][][][][][][][][][][][][][][][][][][][] 
 []

[36 <./images/mielipse2.png>]
Overfull \hbox (84.76936pt too wide) in paragraph at lines 1041--1042
[][][][][][][][][][][][][][][][][][][][][][][] 
 []


Overfull \hbox (97.83495pt too wide) in paragraph at lines 1043--1044
[][][][][][][][][][][][][][][][][][][] 
 []


Overfull \hbox (6.37587pt too wide) in paragraph at lines 1044--1046
[][][][][][][][][][][][][][] 
 []

<images/micurva2.png, id=161, 458.71375pt x 529.98pt>
File: images/micurva2.png Graphic file (type png)

<use images/micurva2.png>
Package pdftex.def Info: images/micurva2.png used on input line 1052.
(pdftex.def)             Requested size: 252.29333pt x 291.48988pt.
 [37 <./images/micurva2.png>]
<images/lienzo2dfinal.png, id=166, 351.3125pt x 624.3325pt>
File: images/lienzo2dfinal.png Graphic file (type png)

<use images/lienzo2dfinal.png>
Package pdftex.def Info: images/lienzo2dfinal.png used on input line 1068.
(pdftex.def)             Requested size: 263.48372pt x 468.24823pt.
 [38] [39 <./images/lienzo2dfinal.png>]
Overfull \hbox (84.76936pt too wide) in paragraph at lines 1107--1108
[][][][][][][][][][][][][][][][][][][][][][][][][][] 
 []


Overfull \hbox (58.6382pt too wide) in paragraph at lines 1115--1116
[][][][][][][][][][][][][][][][][][] 
 []


Overfull \hbox (248.08914pt too wide) in paragraph at lines 1117--1118
[][][][][][][][][][][][][][][][][][][][][][][][][][][][][][][][][][] 
 []

[40]
Overfull \hbox (71.70378pt too wide) in paragraph at lines 1129--1130
[][][][][][][][][][][][][][] 
 []


Overfull \hbox (45.57262pt too wide) in paragraph at lines 1130--1131
[][][][][][][][][][][][][][] 
 []


Overfull \hbox (19.44145pt too wide) in paragraph at lines 1153--1154
[][][][][][][][][][][][][][][] 
 []

[41]
Overfull \hbox (78.23657pt too wide) in paragraph at lines 1204--1205
[][][][][][][][][][][][][][] 
 []

[42]
Overfull \hbox (52.10541pt too wide) in paragraph at lines 1205--1206
[][][][][][][][][][][][][][] 
 []


Overfull \hbox (71.70378pt too wide) in paragraph at lines 1213--1214
[][][][][][][][][][][][][][][][][][][][][][][][][][] 
 []

[43]
Overfull \hbox (84.76936pt too wide) in paragraph at lines 1261--1262
[][][][][][][][][][][][][][][][][][][][][][][][][] 
 []

[44]
Overfull \hbox (25.97424pt too wide) in paragraph at lines 1301--1302
[][][][][][][][][][][][][][][][][][] 
 []


Overfull \hbox (25.97424pt too wide) in paragraph at lines 1307--1308
[][][][][][][][][][][][][][][][][][][] 
 []


Overfull \hbox (71.70378pt too wide) in paragraph at lines 1316--1318
[][][][][][][][][][][][][][][][] 
 []

<images/lienzo2dimagenfinal.png, id=189, 609.27625pt x 307.1475pt>
File: images/lienzo2dimagenfinal.png Graphic file (type png)

<use images/lienzo2dimagenfinal.png>
Package pdftex.def Info: images/lienzo2dimagenfinal.png used on input line 1327
.
(pdftex.def)             Requested size: 456.95605pt x 230.36005pt.

Overfull \hbox (38.7005pt too wide) in paragraph at lines 1327--1328
 [][] 
 []

[45]
Overfull \hbox (71.70378pt too wide) in paragraph at lines 1340--1341
[][][][][][][][][][][][][][][][][][][][][][][][][] 
 []


Overfull \hbox (78.23657pt too wide) in paragraph at lines 1350--1351
[][][][][][][][][][][][][][][][][][][][][][][][][][] 
 []

[46 <./images/lienzo2dimagenfinal.png>]
<images/conversiongris.png, id=196, 382.42876pt x 137.51375pt>
File: images/conversiongris.png Graphic file (type png)

<use images/conversiongris.png>
Package pdftex.def Info: images/conversiongris.png used on input line 1367.
(pdftex.def)             Requested size: 286.82085pt x 103.13506pt.

Overfull \hbox (19.44145pt too wide) in paragraph at lines 1374--1375
[][][][][][][][][][][][][][][][][] 
 []

[47 <./images/conversiongris.png>]
Overfull \hbox (58.6382pt too wide) in paragraph at lines 1388--1389
[][][][][][][][][][][][][][][][][] 
 []


Overfull \hbox (6.37587pt too wide) in paragraph at lines 1393--1394
[][][][][][][][][][][][][][][][] 
 []

<images/eliminarbanda.png, id=200, 373.395pt x 125.46875pt>
File: images/eliminarbanda.png Graphic file (type png)

<use images/eliminarbanda.png>
Package pdftex.def Info: images/eliminarbanda.png used on input line 1407.
(pdftex.def)             Requested size: 280.04556pt x 94.10132pt.

Overfull \hbox (25.97424pt too wide) in paragraph at lines 1414--1415
[][][][][][][][][][][][][][][][][][][] 
 []

[48 <./images/eliminarbanda.png>]
Overfull \hbox (71.70378pt too wide) in paragraph at lines 1428--1429
[][][][][][][][][][][][][][][][][][] 
 []

<images/filtroseno.png, id=204, 237.88875pt x 147.55125pt>
File: images/filtroseno.png Graphic file (type png)

<use images/filtroseno.png>
Package pdftex.def Info: images/filtroseno.png used on input line 1447.
(pdftex.def)             Requested size: 178.4161pt x 110.66315pt.

Overfull \hbox (45.57262pt too wide) in paragraph at lines 1459--1460
[][][][][][][][][][][][][][][][][][][][][][][][][][][][][][][][][][][][][] 
 []

[49 <./images/filtroseno.png>]
<images/potencia.png, id=209, 302.12875pt x 131.49126pt>
File: images/potencia.png Graphic file (type png)

<use images/potencia.png>
Package pdftex.def Info: images/potencia.png used on input line 1473.
(pdftex.def)             Requested size: 226.596pt x 98.61818pt.
 <images/raiz.png, id=210, 272.01625pt x 127.47626pt>
File: images/raiz.png Graphic file (type png)

<use images/raiz.png>
Package pdftex.def Info: images/raiz.png used on input line 1499.
(pdftex.def)             Requested size: 204.01167pt x 95.60695pt.
 [50 <./images/potencia.png> <./images/raiz.png>]
<images/resta.png, id=215, 207.77625pt x 131.49126pt>
File: images/resta.png Graphic file (type png)
 <use images/resta.png>
Package pdftex.def Info: images/resta.png used on input line 1526.
(pdftex.def)             Requested size: 155.83179pt x 98.61818pt.

<images/suma.png, id=216, 264.99pt x 202.7575pt>
File: images/suma.png Graphic file (type png)
 <use images/suma.png>
Package pdftex.def Info: images/suma.png used on input line 1545.
(pdftex.def)             Requested size: 198.742pt x 152.06775pt.
 [51 <./images/resta.png>] <images/tintado.png, id=220, 372.39125pt x 244.915pt
>
File: images/tintado.png Graphic file (type png)

<use images/tintado.png>
Package pdftex.def Info: images/tintado.png used on input line 1564.
(pdftex.def)             Requested size: 279.29274pt x 183.68578pt.

Overfull \hbox (25.97424pt too wide) in paragraph at lines 1570--1571
[][][][][][][][][][][][][][][][][][] 
 []

[52 <./images/suma.png> <./images/tintado.png>]
Overfull \hbox (137.0317pt too wide) in paragraph at lines 1585--1586
[][][][][][][][][][][][][][][][][][][][][][][][][][][][][][][][][][][][] 
 []


Overfull \hbox (78.23657pt too wide) in paragraph at lines 1586--1588
[][][][][][][][][][][][][][][][][][][][][][][][][][] 
 []

<images/logaritmica.png, id=224, 312.16624pt x 129.48375pt>
File: images/logaritmica.png Graphic file (type png)

<use images/logaritmica.png>
Package pdftex.def Info: images/logaritmica.png used on input line 1599.
(pdftex.def)             Requested size: 234.1241pt x 97.11255pt.
 [53 <./images/logaritmica.png>]
<images/umbralizacion.png, id=228, 404.51125pt x 257.96375pt>
File: images/umbralizacion.png Graphic file (type png)

<use images/umbralizacion.png>
Package pdftex.def Info: images/umbralizacion.png used on input line 1625.
(pdftex.def)             Requested size: 303.38269pt x 193.47232pt.

Overfull \hbox (32.50703pt too wide) in paragraph at lines 1632--1634
[][][][][][][][][][][][][][][][][] 
 []


Overfull \hbox (52.10541pt too wide) in paragraph at lines 1644--1645
[][][][][][][][][][][][][][][][][][][][][][][][][][][] 
 []

[54 <./images/umbralizacion.png>] [55]
<images/barraprogreso2.PNG, id=236, 204.765pt x 25.59563pt>
File: images/barraprogreso2.PNG Graphic file (type png)

<use images/barraprogreso2.PNG>
Package pdftex.def Info: images/barraprogreso2.PNG used on input line 1690.
(pdftex.def)             Requested size: 153.57335pt x 19.19666pt.

Overfull \hbox (19.44145pt too wide) in paragraph at lines 1703--1704
[][][][][][][][][][][][][][][][][][][][][] 
 []


Overfull \hbox (45.57262pt too wide) in paragraph at lines 1707--1708
[][][][][][][][][][][][][][][] 
 []

[56 <./images/barraprogreso2.PNG>]
Overfull \hbox (12.90866pt too wide) in paragraph at lines 1731--1732
[][][][][][][][][][][][][][][][][][][][] 
 []


Overfull \hbox (25.97424pt too wide) in paragraph at lines 1745--1746
[][][][][][][][][][][][][][][][][][][][][] 
 []


Overfull \hbox (12.90866pt too wide) in paragraph at lines 1756--1757
[][][][][][][][][][][][][][][][][][][][] 
 []

[57] <images/barraprogreso.PNG, id=244, 898.85812pt x 309.40594pt>
File: images/barraprogreso.PNG Graphic file (type png)

<use images/barraprogreso.PNG>
Package pdftex.def Info: images/barraprogreso.PNG used on input line 1793.
(pdftex.def)             Requested size: 404.48242pt x 139.23138pt.

(./PracticaFinal-FranciscoJavierGarridoMellado.bbl [58 <./images/barraprogreso.
PNG>]
Overfull \hbox (9.02429pt too wide) in paragraph at lines 14--16
[]\T1/cmr/m/n/10.95 http://docs.oracle.com/javase/7/docs/api/java/awt/geom/quad
curve2d.double.html,
 []


Underfull \hbox (badness 10000) in paragraph at lines 18--20
[]\T1/cmr/m/n/10.95 http://docs.oracle.com/javase/7/docs/api/java/awt/geom/elli
pse2d.double.html,
 []


Underfull \hbox (badness 10000) in paragraph at lines 26--28
[]\T1/cmr/m/n/10.95 http://recursosformacion.com/wordpress/2013/05/java-para-pr
ogramadores-6-
 []


Underfull \hbox (badness 10000) in paragraph at lines 30--32
[]\T1/cmr/m/n/10.95 http://docs.oracle.com/javase/7/docs/api/java/awt/geom/line
2d.float.html, con-
 []


Overfull \hbox (3.282pt too wide) in paragraph at lines 43--45
[]\T1/cmr/m/n/10.95 http://docs.oracle.com/javase/7/docs/api/java/awt/geom/rect
angle2d.double.html,
 []


Overfull \hbox (31.10611pt too wide) in paragraph at lines 47--49
[]\T1/cmr/m/n/10.95 http://docs.oracle.com/javase/7/docs/api/java/awt/geom/roun
drectangle2d.double.html,
 []

) [59] (./PracticaFinal-FranciscoJavierGarridoMellado.aux
LaTeX Info: Redefining \. on input line 6.
LaTeX Info: Redefining \% on input line 6.
)

LaTeX Warning: There were multiply-defined labels.

 ) 
Here is how much of TeX's memory you used:
 8072 strings out of 493304
 118860 string characters out of 6139872
 244838 words of memory out of 5000000
 11338 multiletter control sequences out of 15000+600000
 19209 words of font info for 54 fonts, out of 8000000 for 9000
 957 hyphenation exceptions out of 8191
 47i,12n,47p,1048b,1627s stack positions out of 5000i,500n,10000p,200000b,80000s
{/usr/share/texmf/fonts/enc/dvips/cm-super/cm-super-t1.enc}</usr/share/texliv
e/texmf-dist/fonts/type1/public/amsfonts/cm/cmsy10.pfb></usr/share/texmf/fonts/
type1/public/cm-super/sfbx1095.pfb></usr/share/texmf/fonts/type1/public/cm-supe
r/sfcc1095.pfb></usr/share/texmf/fonts/type1/public/cm-super/sfrm1095.pfb></usr
/share/texmf/fonts/type1/public/cm-super/sfrm1440.pfb></usr/share/texmf/fonts/t
ype1/public/cm-super/sfrm2074.pfb></usr/share/texmf/fonts/type1/public/cm-super
/sfsx1095.pfb></usr/share/texmf/fonts/type1/public/cm-super/sfsx1200.pfb></usr/
share/texmf/fonts/type1/public/cm-super/sfsx1440.pfb></usr/share/texmf/fonts/ty
pe1/public/cm-super/sfti1095.pfb>
Output written on PracticaFinal-FranciscoJavierGarridoMellado.pdf (59 pages, 21
25209 bytes).
PDF statistics:
 288 PDF objects out of 1000 (max. 8388607)
 164 compressed objects within 2 object streams
 0 named destinations out of 1000 (max. 500000)
 221 words of extra memory for PDF output out of 10000 (max. 10000000)

